<?xml version="1.0" encoding="UTF-8"?>
<testsuites name="API" time="6.17" tests="4" failures="0" errors="0">
   <testsuite name="API" tests="4" failures="0" errors="0" time="6.17" skipped="0" timestamp="27-08-2025T13:29:36" hostname="Ray - DESKTOP-PHJQPES" id="Test Suites/API">
      <properties>
         <property name="deviceName" value=""/>
         <property name="devicePlatform"/>
         <property name="logFolder" value="C:\\Users\\Ray\\Katalon Studio\\Venturo_Assigment\\Reports\\20250827_132929\\API\\20250827_132929"/>
         <property name="logFiles" value="C:\\Users\\Ray\\Katalon Studio\\Venturo_Assigment\\Reports\\20250827_132929\\API\\20250827_132929\\console0.log, C:\\Users\\Ray\\Katalon Studio\\Venturo_Assigment\\Reports\\20250827_132929\\API\\20250827_132929\\execution0.log"/>
         <property name="attachments" value=""/>
         <property name="userFullName" value="Ray Dimas Wirahadi Alaydrus"/>
         <property name="hostName" value="Ray - DESKTOP-PHJQPES"/>
         <property name="hostAddress" value="172.16.0.2"/>
         <property name="projectName" value="Venturo_Assigment"/>
         <property name="os" value="Windows 10 64bit"/>
         <property name="katalonVersion" value="10.2.2.0"/>
      </properties>
      <testcase name="Test Cases/API/TC_001 List User" time="3.185" classname="Test Cases/API/TC_001 List User" status="PASSED">
         <system-out><![CDATA[27-08-2025T13:29:37 - [TEST_CASE][PASSED] - Test Cases/API/TC_001 List User: Test Cases/API/TC_001 List User

27-08-2025T13:29:37 - [TEST_STEP][PASSED] - response = sendRequest(findTestObject("GET List Users")): Send request successfully

27-08-2025T13:29:40 - [MESSAGE][INFO] - HAR: C:\Users\Ray\Katalon Studio\Venturo_Assigment\Reports\20250827_132929\API\20250827_132929\requests\main\GET-List-Users_0.har

27-08-2025T13:29:40 - [MESSAGE][PASSED] - Send request successfully

27-08-2025T13:29:40 - [TEST_STEP][PASSED] - verifyResponseStatusCode(response, 200): Verify response status code successfully

27-08-2025T13:29:40 - [MESSAGE][PASSED] - Verify response status code successfully

27-08-2025T13:29:40 - [TEST_STEP][PASSED] - verifyElementPropertyValue(response, "data[0].email", "george.bluth@reqres.in"): Verify element property value successfully

27-08-2025T13:29:40 - [MESSAGE][PASSED] - Verify element property value successfully]]></system-out>
         <system-err><![CDATA[]]></system-err>
      </testcase>
      <testcase name="Test Cases/API/TC_002 Single User" time="0.489" classname="Test Cases/API/TC_002 Single User" status="PASSED">
         <system-out><![CDATA[27-08-2025T13:29:40 - [TEST_CASE][PASSED] - Test Cases/API/TC_002 Single User: Test Cases/API/TC_002 Single User

27-08-2025T13:29:40 - [TEST_STEP][PASSED] - response = sendRequest(findTestObject("GET Single User")): Send request successfully

27-08-2025T13:29:41 - [MESSAGE][INFO] - HAR: C:\Users\Ray\Katalon Studio\Venturo_Assigment\Reports\20250827_132929\API\20250827_132929\requests\main\GET-Single-User_1.har

27-08-2025T13:29:41 - [MESSAGE][PASSED] - Send request successfully

27-08-2025T13:29:41 - [TEST_STEP][PASSED] - verifyResponseStatusCode(response, 200): Verify response status code successfully

27-08-2025T13:29:41 - [MESSAGE][PASSED] - Verify response status code successfully

27-08-2025T13:29:41 - [TEST_STEP][PASSED] - verifyElementPropertyValue(response, "data.first_name", "Janet"): Verify element property value successfully

27-08-2025T13:29:41 - [MESSAGE][PASSED] - Verify element property value successfully]]></system-out>
         <system-err><![CDATA[]]></system-err>
      </testcase>
      <testcase name="Test Cases/API/TC_003 Update User" time="0.714" classname="Test Cases/API/TC_003 Update User" status="PASSED">
         <system-out><![CDATA[27-08-2025T13:29:41 - [TEST_CASE][PASSED] - Test Cases/API/TC_003 Update User: Test Cases/API/TC_003 Update User

27-08-2025T13:29:41 - [TEST_STEP][PASSED] - response = sendRequest(findTestObject("PUT Update User")): Send request successfully

27-08-2025T13:29:41 - [MESSAGE][INFO] - HAR: C:\Users\Ray\Katalon Studio\Venturo_Assigment\Reports\20250827_132929\API\20250827_132929\requests\main\PUT-Update-User_2.har

27-08-2025T13:29:41 - [MESSAGE][PASSED] - Send request successfully

27-08-2025T13:29:41 - [TEST_STEP][PASSED] - verifyResponseStatusCode(response, 200): Verify response status code successfully

27-08-2025T13:29:41 - [MESSAGE][PASSED] - Verify response status code successfully

27-08-2025T13:29:41 - [TEST_STEP][PASSED] - assert getElementPropertyValue(response, "updatedAt") != null: null]]></system-out>
         <system-err><![CDATA[]]></system-err>
      </testcase>
      <testcase name="Test Cases/API/TC_004 Register User" time="1.048" classname="Test Cases/API/TC_004 Register User" status="PASSED">
         <system-out><![CDATA[27-08-2025T13:29:41 - [TEST_CASE][PASSED] - Test Cases/API/TC_004 Register User: Test Cases/API/TC_004 Register User

27-08-2025T13:29:42 - [TEST_STEP][PASSED] - response = sendRequest(findTestObject("GET Single User")): Send request successfully

27-08-2025T13:29:42 - [MESSAGE][INFO] - HAR: C:\Users\Ray\Katalon Studio\Venturo_Assigment\Reports\20250827_132929\API\20250827_132929\requests\main\GET-Single-User_3.har

27-08-2025T13:29:42 - [MESSAGE][PASSED] - Send request successfully

27-08-2025T13:29:42 - [TEST_STEP][PASSED] - verifyResponseStatusCode(response, 200): Verify response status code successfully

27-08-2025T13:29:42 - [MESSAGE][PASSED] - Verify response status code successfully

27-08-2025T13:29:42 - [TEST_STEP][PASSED] - verifyElementPropertyValue(response, "data.first_name", "Janet"): Verify element property value successfully

27-08-2025T13:29:42 - [MESSAGE][PASSED] - Verify element property value successfully

27-08-2025T13:29:42 - [TEST_STEP][PASSED] - email = getElementPropertyValue(response, "data.email"): null

27-08-2025T13:29:42 - [TEST_STEP][PASSED] - println("Email dari GET: " + email): null

27-08-2025T13:29:42 - [TEST_STEP][PASSED] - postResponse = sendRequest(findTestObject("POST Register", ["email":email, "password":"kopi"])): Send request successfully

27-08-2025T13:29:42 - [MESSAGE][INFO] - HAR: C:\Users\Ray\Katalon Studio\Venturo_Assigment\Reports\20250827_132929\API\20250827_132929\requests\main\POST-Register_4.har

27-08-2025T13:29:42 - [MESSAGE][PASSED] - Send request successfully

27-08-2025T13:29:42 - [TEST_STEP][PASSED] - verifyResponseStatusCode(postResponse, 200): Verify response status code successfully

27-08-2025T13:29:42 - [MESSAGE][PASSED] - Verify response status code successfully

27-08-2025T13:29:42 - [TEST_STEP][PASSED] - verifyElementPropertyValue(postResponse, "id", 2): Verify element property value successfully

27-08-2025T13:29:42 - [MESSAGE][PASSED] - Verify element property value successfully]]></system-out>
         <system-err><![CDATA[]]></system-err>
      </testcase>
      <system-out><![CDATA[27-08-2025T13:29:36 - [TEST_SUITE][PASSED] - API: Test Cases/API/TC_004 Register User]]></system-out>
      <system-err><![CDATA[]]></system-err>
   </testsuite>
</testsuites>
